<?xml version="1.0" encoding="UTF-8"?>
<testsuite xmlns:xsi="http://www.w3.org/2001/XMLSchema-instance" xsi:noNamespaceSchemaLocation="https://maven.apache.org/surefire/maven-failsafe-plugin/xsd/failsafe-test-report.xsd" version="3.0.2" name="com.mycompany.abccollegeass1prog6112.StudentIT" time="0.053" tests="1" errors="0" skipped="0" failures="1">
  <properties>
    <property name="java.specification.version" value="21"/>
    <property name="sun.cpu.isalist" value="amd64"/>
    <property name="sun.jnu.encoding" value="Cp1252"/>
    <property name="java.class.path" value="C:\Users\Huawei i5 CCM\OneDrive\Documents\NetBeansProjects\ABCcollegeASS1PROG6112\target\test-classes;C:\Users\Huawei i5 CCM\OneDrive\Documents\NetBeansProjects\ABCcollegeASS1PROG6112\target\ABCcollegeASS1PROG6112-1.0-SNAPSHOT.jar;C:\Users\Huawei i5 CCM\.m2\repository\junit\junit\4.13.2\junit-4.13.2.jar;C:\Users\Huawei i5 CCM\.m2\repository\org\hamcrest\hamcrest-core\1.3\hamcrest-core-1.3.jar;C:\Users\Huawei i5 CCM\.m2\repository\com\chartiq\finsemble\finsemble\8.11.3\finsemble-8.11.3.jar;C:\Users\Huawei i5 CCM\.m2\repository\org\json\json\20231013\json-20231013.jar;C:\Users\Huawei i5 CCM\.m2\repository\org\slf4j\slf4j-jdk14\1.7.25\slf4j-jdk14-1.7.25.jar;C:\Users\Huawei i5 CCM\.m2\repository\org\slf4j\slf4j-api\1.7.25\slf4j-api-1.7.25.jar;C:\Users\Huawei i5 CCM\.m2\repository\com\fasterxml\jackson\core\jackson-databind\2.12.7.1\jackson-databind-2.12.7.1.jar;C:\Users\Huawei i5 CCM\.m2\repository\com\fasterxml\jackson\core\jackson-annotations\2.12.7\jackson-annotations-2.12.7.jar;C:\Users\Huawei i5 CCM\.m2\repository\com\fasterxml\jackson\core\jackson-core\2.12.7\jackson-core-2.12.7.jar;C:\Users\Huawei i5 CCM\.m2\repository\org\java-websocket\Java-WebSocket\1.5.0\Java-WebSocket-1.5.0.jar;C:\Users\Huawei i5 CCM\.m2\repository\net\java\dev\jna\jna-platform\4.5.1\jna-platform-4.5.1.jar;C:\Users\Huawei i5 CCM\.m2\repository\net\java\dev\jna\jna\4.5.1\jna-4.5.1.jar;C:\Users\Huawei i5 CCM\.m2\repository\org\junit\jupiter\junit-jupiter-api\5.11.0\junit-jupiter-api-5.11.0.jar;C:\Users\Huawei i5 CCM\.m2\repository\org\opentest4j\opentest4j\1.3.0\opentest4j-1.3.0.jar;C:\Users\Huawei i5 CCM\.m2\repository\org\junit\platform\junit-platform-commons\1.11.0\junit-platform-commons-1.11.0.jar;C:\Users\Huawei i5 CCM\.m2\repository\org\apiguardian\apiguardian-api\1.1.2\apiguardian-api-1.1.2.jar;"/>
    <property name="java.vm.vendor" value="Oracle Corporation"/>
    <property name="sun.arch.data.model" value="64"/>
    <property name="user.variant" value=""/>
    <property name="java.vendor.url" value="https://java.oracle.com/"/>
    <property name="user.timezone" value="Africa/Johannesburg"/>
    <property name="os.name" value="Windows 11"/>
    <property name="java.vm.specification.version" value="21"/>
    <property name="user.country" value="US"/>
    <property name="sun.java.launcher" value="SUN_STANDARD"/>
    <property name="sun.boot.library.path" value="C:\Program Files\Java\jdk-21\bin"/>
    <property name="sun.java.command" value="C:\Users\Huawei i5 CCM\AppData\Local\Temp\surefire14541287899304488256\surefirebooter-20240903211744844_3.jar C:\Users\Huawei i5 CCM\AppData\Local\Temp\surefire14541287899304488256 2024-09-03T21-17-44_604-jvmRun1 surefire-20240903211744844_1tmp surefire_0-20240903211744844_2tmp"/>
    <property name="jdk.debug" value="release"/>
    <property name="test" value="DummyToSkipUnitTests"/>
    <property name="surefire.test.class.path" value="C:\Users\Huawei i5 CCM\OneDrive\Documents\NetBeansProjects\ABCcollegeASS1PROG6112\target\test-classes;C:\Users\Huawei i5 CCM\OneDrive\Documents\NetBeansProjects\ABCcollegeASS1PROG6112\target\ABCcollegeASS1PROG6112-1.0-SNAPSHOT.jar;C:\Users\Huawei i5 CCM\.m2\repository\junit\junit\4.13.2\junit-4.13.2.jar;C:\Users\Huawei i5 CCM\.m2\repository\org\hamcrest\hamcrest-core\1.3\hamcrest-core-1.3.jar;C:\Users\Huawei i5 CCM\.m2\repository\com\chartiq\finsemble\finsemble\8.11.3\finsemble-8.11.3.jar;C:\Users\Huawei i5 CCM\.m2\repository\org\json\json\20231013\json-20231013.jar;C:\Users\Huawei i5 CCM\.m2\repository\org\slf4j\slf4j-jdk14\1.7.25\slf4j-jdk14-1.7.25.jar;C:\Users\Huawei i5 CCM\.m2\repository\org\slf4j\slf4j-api\1.7.25\slf4j-api-1.7.25.jar;C:\Users\Huawei i5 CCM\.m2\repository\com\fasterxml\jackson\core\jackson-databind\2.12.7.1\jackson-databind-2.12.7.1.jar;C:\Users\Huawei i5 CCM\.m2\repository\com\fasterxml\jackson\core\jackson-annotations\2.12.7\jackson-annotations-2.12.7.jar;C:\Users\Huawei i5 CCM\.m2\repository\com\fasterxml\jackson\core\jackson-core\2.12.7\jackson-core-2.12.7.jar;C:\Users\Huawei i5 CCM\.m2\repository\org\java-websocket\Java-WebSocket\1.5.0\Java-WebSocket-1.5.0.jar;C:\Users\Huawei i5 CCM\.m2\repository\net\java\dev\jna\jna-platform\4.5.1\jna-platform-4.5.1.jar;C:\Users\Huawei i5 CCM\.m2\repository\net\java\dev\jna\jna\4.5.1\jna-4.5.1.jar;C:\Users\Huawei i5 CCM\.m2\repository\org\junit\jupiter\junit-jupiter-api\5.11.0\junit-jupiter-api-5.11.0.jar;C:\Users\Huawei i5 CCM\.m2\repository\org\opentest4j\opentest4j\1.3.0\opentest4j-1.3.0.jar;C:\Users\Huawei i5 CCM\.m2\repository\org\junit\platform\junit-platform-commons\1.11.0\junit-platform-commons-1.11.0.jar;C:\Users\Huawei i5 CCM\.m2\repository\org\apiguardian\apiguardian-api\1.1.2\apiguardian-api-1.1.2.jar;"/>
    <property name="sun.cpu.endian" value="little"/>
    <property name="user.home" value="C:\Users\Huawei i5 CCM"/>
    <property name="user.language" value="en"/>
    <property name="java.specification.vendor" value="Oracle Corporation"/>
    <property name="java.version.date" value="2023-10-17"/>
    <property name="java.home" value="C:\Program Files\Java\jdk-21"/>
    <property name="file.separator" value="\"/>
    <property name="basedir" value="C:\Users\Huawei i5 CCM\OneDrive\Documents\NetBeansProjects\ABCcollegeASS1PROG6112"/>
    <property name="java.vm.compressedOopsMode" value="32-bit"/>
    <property name="line.separator" value="&#10;"/>
    <property name="java.vm.specification.vendor" value="Oracle Corporation"/>
    <property name="java.specification.name" value="Java Platform API Specification"/>
    <property name="surefire.real.class.path" value="C:\Users\Huawei i5 CCM\AppData\Local\Temp\surefire14541287899304488256\surefirebooter-20240903211744844_3.jar"/>
    <property name="user.script" value=""/>
    <property name="sun.management.compiler" value="HotSpot 64-Bit Tiered Compilers"/>
    <property name="java.runtime.version" value="21.0.1+12-LTS-29"/>
    <property name="user.name" value="Huawei i5 CCM"/>
    <property name="stdout.encoding" value="Cp1252"/>
    <property name="path.separator" value=";"/>
    <property name="os.version" value="10.0"/>
    <property name="java.runtime.name" value="Java(TM) SE Runtime Environment"/>
    <property name="file.encoding" value="UTF-8"/>
    <property name="surefire.failIfNoSpecifiedTests" value="false"/>
    <property name="java.vm.name" value="Java HotSpot(TM) 64-Bit Server VM"/>
    <property name="maven.ext.class.path" value="C:\Program Files\NetBeans-19\netbeans\java\maven-nblib\netbeans-eventspy.jar"/>
    <property name="localRepository" value="C:\Users\Huawei i5 CCM\.m2\repository"/>
    <property name="java.vendor.url.bug" value="https://bugreport.java.com/bugreport/"/>
    <property name="java.io.tmpdir" value="C:\Users\HUAWEI~1\AppData\Local\Temp\"/>
    <property name="java.version" value="21.0.1"/>
    <property name="user.dir" value="C:\Users\Huawei i5 CCM\OneDrive\Documents\NetBeansProjects\ABCcollegeASS1PROG6112"/>
    <property name="os.arch" value="amd64"/>
    <property name="java.vm.specification.name" value="Java Virtual Machine Specification"/>
    <property name="it.test" value="com.mycompany.abccollegeass1prog6112.StudentIT#TestStudentAgeStudentAgeValid"/>
    <property name="failIfNoTests" value="false"/>
    <property name="sun.os.patch.level" value=""/>
    <property name="native.encoding" value="Cp1252"/>
    <property name="java.library.path" value="C:\Program Files\Java\jdk-21\bin;C:\WINDOWS\Sun\Java\bin;C:\WINDOWS\system32;C:\WINDOWS;C:\Program Files\Eclipse Adoptium\jdk-21.0.3.9-hotspot\bin;C:\Program Files\Common Files\Oracle\Java\javapath;C:\WINDOWS\system32;C:\WINDOWS;C:\WINDOWS\System32\Wbem;C:\WINDOWS\System32\WindowsPowerShell\v1.0\;C:\WINDOWS\System32\OpenSSH\;C:\Program Files\nodejs\;C:\Program Files\Git\cmd;C:\Program Files\dotnet\;C:\Users\Huawei i5 CCM\AppData\Local\Programs\Python\Python312\Scripts\;C:\Users\Huawei i5 CCM\AppData\Local\Programs\Python\Python312\;C:\Users\Huawei i5 CCM\AppData\Local\Programs\Python\Launcher\;C:\Users\Huawei i5 CCM\AppData\Local\Microsoft\WindowsApps;C:\Users\Huawei i5 CCM\AppData\Roaming\npm;C:\Users\Huawei i5 CCM\AppData\Local\gitkraken\bin;C:\Users\Huawei i5 CCM\.dotnet\tools;C:\Users\Huawei i5 CCM\AppData\Local\Programs\Microsoft VS Code\bin;."/>
    <property name="java.vm.info" value="mixed mode, sharing"/>
    <property name="stderr.encoding" value="Cp1252"/>
    <property name="java.vendor" value="Oracle Corporation"/>
    <property name="java.vm.version" value="21.0.1+12-LTS-29"/>
    <property name="sun.io.unicode.encoding" value="UnicodeLittle"/>
    <property name="java.class.version" value="65.0"/>
  </properties>
  <testcase name="TestStudentAgeStudentAgeValid" classname="com.mycompany.abccollegeass1prog6112.StudentIT" time="0.025">
    <failure message="expected:&lt;true&gt; but was:&lt;0&gt;" type="java.lang.AssertionError"><![CDATA[java.lang.AssertionError: expected:<true> but was:<0>
	at org.junit.Assert.fail(Assert.java:89)
	at org.junit.Assert.failNotEquals(Assert.java:835)
	at org.junit.Assert.assertEquals(Assert.java:120)
	at org.junit.Assert.assertEquals(Assert.java:146)
	at com.mycompany.abccollegeass1prog6112.StudentIT.TestStudentAgeStudentAgeValid(StudentIT.java:227)
	at java.base/java.lang.reflect.Method.invoke(Method.java:580)
]]></failure>
  </testcase>
</testsuite>